app/build/outputs/logs/manifest-merger-debug-report.txt
-- Merging decision tree log ---
manifest
ADDED from src/main/AndroidManifest.xml:2:1-753:12
	package
		ADDED from src/main/AndroidManifest.xml:3:5-26
		INJECTED from src/main/AndroidManifest.xml
		INJECTED from src/main/AndroidManifest.xml
	android:versionName
		INJECTED from src/main/AndroidManifest.xml
		INJECTED from src/main/AndroidManifest.xml
	xmlns:android
		ADDED from src/main/AndroidManifest.xml:2:11-69
	android:versionCode
		INJECTED from src/main/AndroidManifest.xml
		INJECTED from src/main/AndroidManifest.xml
uses-permission#android.permission.INTERNET
ADDED from src/main/AndroidManifest.xml:5:5-67
MERGED from [com.lzy.net:okgo:2.1.4] AndroidManifest.xml:11:5-67
MERGED from [LinGang:okhttputils:unspecified] AndroidManifest.xml:11:5-67
MERGED from [LinGang:update-app:unspecified] AndroidManifest.xml:11:5-67
	android:name
		ADDED from src/main/AndroidManifest.xml:5:22-64
uses-permission-sdk-23
ADDED from src/main/AndroidManifest.xml:7:5-74
	android:name
		ADDED from src/main/AndroidManifest.xml:7:29-71
uses-permission#android.permission.READ_EXTERNAL_STORAGE
ADDED from src/main/AndroidManifest.xml:9:5-80
MERGED from [com.lzy.net:okgo:2.1.4] AndroidManifest.xml:12:5-80
MERGED from [LinGang:okhttputils:unspecified] AndroidManifest.xml:12:5-80
MERGED from [LinGang:update-app:unspecified] AndroidManifest.xml:13:5-80
MERGED from [com.darsh.multipleimageselect:multipleimageselect:1.0.4] AndroidManifest.xml:11:5-80
	android:name
		ADDED from src/main/AndroidManifest.xml:9:22-77
uses-permission#android.permission.WRITE_EXTERNAL_STORAGE
ADDED from src/main/AndroidManifest.xml:10:5-81
MERGED from [com.lzy.net:okgo:2.1.4] AndroidManifest.xml:13:5-81
MERGED from [LinGang:okhttputils:unspecified] AndroidManifest.xml:13:5-81
MERGED from [LinGang:update-app:unspecified] AndroidManifest.xml:12:5-81
MERGED from [com.jph.takephoto:takephoto_library:4.0.3] AndroidManifest.xml:11:5-81
	android:name
		ADDED from src/main/AndroidManifest.xml:10:22-78
uses-permission#android.permission.MOUNT_UNMOUNT_FILESYSTEMS
ADDED from src/main/AndroidManifest.xml:11:5-84
MERGED from [com.lzy.net:okgo:2.1.4] AndroidManifest.xml:14:5-84
MERGED from [LinGang:okhttputils:unspecified] AndroidManifest.xml:14:5-84
	android:name
		ADDED from src/main/AndroidManifest.xml:11:22-81
uses-permission#android.permission.ACCESS_FINE_LOCATION
ADDED from src/main/AndroidManifest.xml:12:5-79
	android:name
		ADDED from src/main/AndroidManifest.xml:12:22-76
uses-permission#android.permission.ACCESS_COARSE_LOCATION
ADDED from src/main/AndroidManifest.xml:13:5-81
	android:name
		ADDED from src/main/AndroidManifest.xml:13:22-78
uses-permission#android.permission.CALL_PHONE
ADDED from src/main/AndroidManifest.xml:14:5-69
	android:name
		ADDED from src/main/AndroidManifest.xml:14:22-66
uses-permission#android.permission.ACCESS_NETWORK_STATE
ADDED from src/main/AndroidManifest.xml:15:5-79
MERGED from [fm.jiecao:jiecaovideoplayer:5.5.4] AndroidManifest.xml:11:5-79
	android:name
		ADDED from src/main/AndroidManifest.xml:15:22-76
uses-permission#android.permission.ACCESS_WIFI_STATE
ADDED from src/main/AndroidManifest.xml:16:5-76
	android:name
		ADDED from src/main/AndroidManifest.xml:16:22-73
uses-permission#android.permission.READ_PHONE_STATE
ADDED from src/main/AndroidManifest.xml:17:5-75
	android:name
		ADDED from src/main/AndroidManifest.xml:17:22-72
uses-permission#android.permission.READ_LOGS
ADDED from src/main/AndroidManifest.xml:18:5-68
	android:name
		ADDED from src/main/AndroidManifest.xml:18:22-65
uses-permission#android.permission.GET_TASKS
ADDED from src/main/AndroidManifest.xml:19:5-68
	android:name
		ADDED from src/main/AndroidManifest.xml:19:22-65
uses-permission#android.permission.READ_CONTACTS
ADDED from src/main/AndroidManifest.xml:20:5-72
	android:name
		ADDED from src/main/AndroidManifest.xml:20:22-69
uses-permission#android.permission.CAMERA
ADDED from src/main/AndroidManifest.xml:21:5-65
MERGED from [com.jph.takephoto:takephoto_library:4.0.3] AndroidManifest.xml:12:5-65
	android:name
		ADDED from src/main/AndroidManifest.xml:21:22-62
uses-permission#android.permission.WRITE_SETTINGS
ADDED from src/main/AndroidManifest.xml:22:5-73
	android:name
		ADDED from src/main/AndroidManifest.xml:22:22-70
permission#com.lingang.permission.JPUSH_MESSAGE
ADDED from src/main/AndroidManifest.xml:28:5-30:47
	android:protectionLevel
		ADDED from src/main/AndroidManifest.xml:30:9-44
	android:name
		ADDED from src/main/AndroidManifest.xml:29:9-60
uses-permission#com.lingang.permission.JPUSH_MESSAGE
ADDED from src/main/AndroidManifest.xml:33:5-76
	android:name
		ADDED from src/main/AndroidManifest.xml:33:22-73
uses-permission#android.permission.RECEIVE_USER_PRESENT
ADDED from src/main/AndroidManifest.xml:34:5-79
	android:name
		ADDED from src/main/AndroidManifest.xml:34:22-76
uses-permission#android.permission.WAKE_LOCK
ADDED from src/main/AndroidManifest.xml:35:5-68
	android:name
		ADDED from src/main/AndroidManifest.xml:35:22-65
uses-permission#android.permission.VIBRATE
ADDED from src/main/AndroidManifest.xml:36:5-66
	android:name
		ADDED from src/main/AndroidManifest.xml:36:22-63
uses-permission#android.permission.SYSTEM_ALERT_WINDOW
ADDED from src/main/AndroidManifest.xml:39:5-78
	android:name
		ADDED from src/main/AndroidManifest.xml:39:22-75
uses-permission#android.permission.CHANGE_WIFI_STATE
ADDED from src/main/AndroidManifest.xml:40:5-76
	android:name
		ADDED from src/main/AndroidManifest.xml:40:22-73
uses-permission#android.permission.ACCESS_LOCATION_EXTRA_COMMANDS
ADDED from src/main/AndroidManifest.xml:41:5-89
	android:name
		ADDED from src/main/AndroidManifest.xml:41:22-86
uses-permission#android.permission.CHANGE_NETWORK_STATE
ADDED from src/main/AndroidManifest.xml:42:5-79
	android:name
		ADDED from src/main/AndroidManifest.xml:42:22-76
application
ADDED from src/main/AndroidManifest.xml:49:5-751:19
MERGED from [com.android.support:design:25.3.1] AndroidManifest.xml:29:5-20
MERGED from [com.android.support:transition:25.3.1] AndroidManifest.xml:26:5-20
MERGED from [com.lzy.net:okserver:1.1.3] AndroidManifest.xml:11:5-13:19
MERGED from [com.lcodecorex:tkrefreshlayout:1.0.7] AndroidManifest.xml:11:5-15:19
MERGED from [com.github.LuckSiege.PictureSelector:picture_library:v1.2.5] AndroidManifest.xml:11:5-44:19
MERGED from [com.github.LuckSiege.PictureSelector:ucrop:v1.2.5] AndroidManifest.xml:11:5-14:19
MERGED from [com.github.kingideayou:tagcloudview:1.0.2] AndroidManifest.xml:11:5-14:19
MERGED from [com.yanzhenjie:recyclerview-swipe:1.0.2] AndroidManifest.xml:10:5-20
MERGED from [LinGang:okhttpserver:unspecified] AndroidManifest.xml:11:5-13:19
MERGED from [com.tbruyelle.rxpermissions:rxpermissions:0.9.4] AndroidManifest.xml:11:5-20
MERGED from [LinGang:update-app:unspecified] AndroidManifest.xml:15:5-35:19
MERGED from [com.android.support:palette-v7:25.3.1] AndroidManifest.xml:26:5-20
MERGED from [com.zzhoujay.markdown:markdown:1.0.4] AndroidManifest.xml:12:5-20
MERGED from [com.jph.takephoto:takephoto_library:4.0.3] AndroidManifest.xml:14:5-26:19
MERGED from [com.darsh.multipleimageselect:multipleimageselect:1.0.4] AndroidManifest.xml:13:5-34:19
MERGED from [com.android.support:appcompat-v7:25.3.1] AndroidManifest.xml:29:5-20
MERGED from [com.android.support:animated-vector-drawable:25.3.1] AndroidManifest.xml:26:5-20
MERGED from [com.android.support:support-vector-drawable:25.3.1] AndroidManifest.xml:26:5-20
MERGED from [com.android.support:support-v4:25.3.1] AndroidManifest.xml:29:5-20
MERGED from [com.android.support:support-fragment:25.3.1] AndroidManifest.xml:29:5-20
MERGED from [com.android.support:support-media-compat:25.3.1] AndroidManifest.xml:29:5-20
MERGED from [com.android.support:support-core-ui:25.3.1] AndroidManifest.xml:29:5-20
MERGED from [com.android.support:support-core-utils:25.3.1] AndroidManifest.xml:29:5-20
MERGED from [com.android.support:support-compat:25.3.1] AndroidManifest.xml:29:5-20
	android:supportsRtl
		ADDED from src/main/AndroidManifest.xml:53:9-35
	android:label
		ADDED from [com.lcodecorex:tkrefreshlayout:1.0.7] AndroidManifest.xml:13:9-41
	android:allowBackup
		ADDED from src/main/AndroidManifest.xml:51:9-35
	android:icon
		ADDED from src/main/AndroidManifest.xml:52:9-47
	android:theme
		ADDED from src/main/AndroidManifest.xml:54:9-55
	android:name
		ADDED from src/main/AndroidManifest.xml:50:9-28
provider#android.support.v4.content.FileProvider
ADDED from src/main/AndroidManifest.xml:55:9-63:20
MERGED from [com.jph.takephoto:takephoto_library:4.0.3] AndroidManifest.xml:17:9-25:20
	android:authorities
		ADDED from src/main/AndroidManifest.xml:57:13-59
	android:grantUriPermissions
		ADDED from src/main/AndroidManifest.xml:59:13-47
	android:exported
		ADDED from src/main/AndroidManifest.xml:58:13-37
	android:name
		ADDED from src/main/AndroidManifest.xml:56:13-67
meta-data#android.support.FILE_PROVIDER_PATHS
ADDED from src/main/AndroidManifest.xml:60:13-62:54
MERGED from [com.jph.takephoto:takephoto_library:4.0.3] AndroidManifest.xml:22:13-24:54
	android:resource
		ADDED from src/main/AndroidManifest.xml:62:17-51
	android:name
		ADDED from src/main/AndroidManifest.xml:61:17-67
meta-data#com.lingang.glide.httpsHelper.GlideConfiguration
ADDED from src/main/AndroidManifest.xml:66:9-68:43
	android:value
		ADDED from src/main/AndroidManifest.xml:68:13-40
	android:name
		ADDED from src/main/AndroidManifest.xml:67:13-76
meta-data#UMENG_APPKEY
ADDED from src/main/AndroidManifest.xml:71:9-73:56
	android:value
		ADDED from src/main/AndroidManifest.xml:73:13-53
	android:name
		ADDED from src/main/AndroidManifest.xml:72:13-40
activity#com.lingang.wxapi.WXEntryActivity
ADDED from src/main/AndroidManifest.xml:75:9-80:75
	android:screenOrientation
		ADDED from src/main/AndroidManifest.xml:79:13-49
	android:exported
		ADDED from src/main/AndroidManifest.xml:78:13-36
	android:configChanges
		ADDED from src/main/AndroidManifest.xml:77:13-74
	android:theme
		ADDED from src/main/AndroidManifest.xml:80:13-72
	android:name
		ADDED from src/main/AndroidManifest.xml:76:13-50
activity#com.umeng.socialize.media.WBShareCallBackActivity
ADDED from src/main/AndroidManifest.xml:81:9-86:75
	android:screenOrientation
		ADDED from src/main/AndroidManifest.xml:85:13-49
	android:exported
		ADDED from src/main/AndroidManifest.xml:84:13-37
	android:configChanges
		ADDED from src/main/AndroidManifest.xml:83:13-63
	android:theme
		ADDED from src/main/AndroidManifest.xml:86:13-72
	android:name
		ADDED from src/main/AndroidManifest.xml:82:13-77
activity#com.sina.weibo.sdk.web.WeiboSdkWebActivity
ADDED from src/main/AndroidManifest.xml:87:9-91:58
	android:exported
		ADDED from src/main/AndroidManifest.xml:90:13-37
	android:windowSoftInputMode
		ADDED from src/main/AndroidManifest.xml:91:13-55
	android:configChanges
		ADDED from src/main/AndroidManifest.xml:89:13-63
	android:name
		ADDED from src/main/AndroidManifest.xml:88:13-70
activity#com.sina.weibo.sdk.share.WbShareTransActivity
ADDED from src/main/AndroidManifest.xml:92:9-101:20
	android:launchMode
		ADDED from src/main/AndroidManifest.xml:94:13-44
	android:theme
		ADDED from src/main/AndroidManifest.xml:95:13-83
	android:name
		ADDED from src/main/AndroidManifest.xml:93:13-73
intent-filter#android.intent.category.DEFAULT+com.sina.weibo.sdk.action.ACTION_SDK_REQ_ACTIVITY
ADDED from src/main/AndroidManifest.xml:96:13-100:29
action#com.sina.weibo.sdk.action.ACTION_SDK_REQ_ACTIVITY
ADDED from src/main/AndroidManifest.xml:97:17-92
	android:name
		ADDED from src/main/AndroidManifest.xml:97:25-89
category#android.intent.category.DEFAULT
ADDED from src/main/AndroidManifest.xml:99:17-76
	android:name
		ADDED from src/main/AndroidManifest.xml:99:27-73
activity#com.tencent.connect.common.AssistActivity
ADDED from src/main/AndroidManifest.xml:102:9-106:75
	android:screenOrientation
		ADDED from src/main/AndroidManifest.xml:105:13-49
	android:configChanges
		ADDED from src/main/AndroidManifest.xml:104:13-74
	android:theme
		ADDED from src/main/AndroidManifest.xml:106:13-72
	android:name
		ADDED from src/main/AndroidManifest.xml:103:13-69
meta-data#JPUSH_CHANNEL
ADDED from src/main/AndroidManifest.xml:118:9-120:49
	android:value
		ADDED from src/main/AndroidManifest.xml:120:13-46
	android:name
		ADDED from src/main/AndroidManifest.xml:119:13-41
meta-data#JPUSH_APPKEY
ADDED from src/main/AndroidManifest.xml:121:9-123:56
	android:value
		ADDED from src/main/AndroidManifest.xml:123:13-53
	android:name
		ADDED from src/main/AndroidManifest.xml:122:13-40
activity#cn.jpush.android.ui.PopWinActivity
ADDED from src/main/AndroidManifest.xml:130:9-133:52
	android:exported
		ADDED from src/main/AndroidManifest.xml:132:13-37
	android:theme
		ADDED from src/main/AndroidManifest.xml:133:13-49
	android:name
		ADDED from src/main/AndroidManifest.xml:131:13-62
activity#cn.jpush.android.ui.PushActivity
ADDED from src/main/AndroidManifest.xml:136:9-147:20
	android:exported
		ADDED from src/main/AndroidManifest.xml:139:13-37
	android:configChanges
		ADDED from src/main/AndroidManifest.xml:138:13-63
	android:theme
		ADDED from src/main/AndroidManifest.xml:140:13-60
	android:name
		ADDED from src/main/AndroidManifest.xml:137:13-60
intent-filter#android.intent.category.DEFAULT+cn.jpush.android.ui.PushActivity+com.lingang
ADDED from src/main/AndroidManifest.xml:141:13-146:29
action#cn.jpush.android.ui.PushActivity
ADDED from src/main/AndroidManifest.xml:142:17-75
	android:name
		ADDED from src/main/AndroidManifest.xml:142:25-72
category#com.lingang
ADDED from src/main/AndroidManifest.xml:145:17-56
	android:name
		ADDED from src/main/AndroidManifest.xml:145:27-53
service#cn.jpush.android.service.PushService
ADDED from src/main/AndroidManifest.xml:151:9-161:19
	android:process
		ADDED from src/main/AndroidManifest.xml:154:13-36
	android:exported
		ADDED from src/main/AndroidManifest.xml:153:13-37
	android:name
		ADDED from src/main/AndroidManifest.xml:152:13-64
intent-filter#cn.jpush.android.intent.PUSH_TIME+cn.jpush.android.intent.PushService+cn.jpush.android.intent.REGISTER+cn.jpush.android.intent.REPORT
ADDED from src/main/AndroidManifest.xml:155:13-160:29
action#cn.jpush.android.intent.REGISTER
ADDED from src/main/AndroidManifest.xml:156:17-75
	android:name
		ADDED from src/main/AndroidManifest.xml:156:25-72
action#cn.jpush.android.intent.REPORT
ADDED from src/main/AndroidManifest.xml:157:17-73
	android:name
		ADDED from src/main/AndroidManifest.xml:157:25-70
action#cn.jpush.android.intent.PushService
ADDED from src/main/AndroidManifest.xml:158:17-78
	android:name
		ADDED from src/main/AndroidManifest.xml:158:25-75
action#cn.jpush.android.intent.PUSH_TIME
ADDED from src/main/AndroidManifest.xml:159:17-76
	android:name
		ADDED from src/main/AndroidManifest.xml:159:25-73
service#cn.jpush.android.service.DaemonService
ADDED from src/main/AndroidManifest.xml:165:9-174:19
	android:enabled
		ADDED from src/main/AndroidManifest.xml:167:13-35
	android:exported
		ADDED from src/main/AndroidManifest.xml:168:13-36
	android:name
		ADDED from src/main/AndroidManifest.xml:166:13-66
intent-filter#cn.jpush.android.intent.DaemonService+com.lingang
ADDED from src/main/AndroidManifest.xml:169:13-173:29
action#cn.jpush.android.intent.DaemonService
ADDED from src/main/AndroidManifest.xml:170:17-80
	android:name
		ADDED from src/main/AndroidManifest.xml:170:25-77
receiver#cn.jpush.android.service.PushReceiver
ADDED from src/main/AndroidManifest.xml:177:9-196:20
	android:enabled
		ADDED from src/main/AndroidManifest.xml:179:13-35
	android:exported
		ADDED from src/main/AndroidManifest.xml:180:13-37
	android:name
		ADDED from src/main/AndroidManifest.xml:178:13-65
intent-filter#cn.jpush.android.intent.NOTIFICATION_RECEIVED_PROXY+com.lingang
ADDED from src/main/AndroidManifest.xml:181:13-184:29
	android:priority
		ADDED from src/main/AndroidManifest.xml:181:28-51
action#cn.jpush.android.intent.NOTIFICATION_RECEIVED_PROXY
ADDED from src/main/AndroidManifest.xml:182:17-94
	android:name
		ADDED from src/main/AndroidManifest.xml:182:25-91
intent-filter#android.intent.action.USER_PRESENT+android.net.conn.CONNECTIVITY_CHANGE
ADDED from src/main/AndroidManifest.xml:185:13-188:29
action#android.intent.action.USER_PRESENT
ADDED from src/main/AndroidManifest.xml:186:17-77
	android:name
		ADDED from src/main/AndroidManifest.xml:186:25-74
action#android.net.conn.CONNECTIVITY_CHANGE
ADDED from src/main/AndroidManifest.xml:187:17-79
	android:name
		ADDED from src/main/AndroidManifest.xml:187:25-76
intent-filter#android.intent.action.PACKAGE_ADDED+android.intent.action.PACKAGE_REMOVED
ADDED from src/main/AndroidManifest.xml:190:13-195:29
action#android.intent.action.PACKAGE_ADDED
ADDED from src/main/AndroidManifest.xml:191:17-78
	android:name
		ADDED from src/main/AndroidManifest.xml:191:25-75
action#android.intent.action.PACKAGE_REMOVED
ADDED from src/main/AndroidManifest.xml:192:17-80
	android:name
		ADDED from src/main/AndroidManifest.xml:192:25-77
data
ADDED from src/main/AndroidManifest.xml:194:17-50
	android:scheme
		ADDED from src/main/AndroidManifest.xml:194:23-47
receiver#cn.jpush.android.service.AlarmReceiver
ADDED from src/main/AndroidManifest.xml:199:9-201:40
	android:exported
		ADDED from src/main/AndroidManifest.xml:201:13-37
	android:name
		ADDED from src/main/AndroidManifest.xml:200:13-66
receiver#com.lingang.common.MyReceiver
ADDED from src/main/AndroidManifest.xml:203:9-215:20
	android:enabled
		ADDED from src/main/AndroidManifest.xml:205:13-35
	android:exported
		ADDED from src/main/AndroidManifest.xml:206:13-37
	android:name
		ADDED from src/main/AndroidManifest.xml:204:13-46
intent-filter#cn.jpush.android.intent.CONNECTION+cn.jpush.android.intent.MESSAGE_RECEIVED+cn.jpush.android.intent.NOTIFICATION_OPENED+cn.jpush.android.intent.NOTIFICATION_RECEIVED+cn.jpush.android.intent.REGISTRATION+com.lingang
ADDED from src/main/AndroidManifest.xml:207:13-214:29
action#cn.jpush.android.intent.REGISTRATION
ADDED from src/main/AndroidManifest.xml:208:17-79
	android:name
		ADDED from src/main/AndroidManifest.xml:208:25-76
action#cn.jpush.android.intent.MESSAGE_RECEIVED
ADDED from src/main/AndroidManifest.xml:209:17-83
	android:name
		ADDED from src/main/AndroidManifest.xml:209:25-80
action#cn.jpush.android.intent.NOTIFICATION_RECEIVED
ADDED from src/main/AndroidManifest.xml:210:17-88
	android:name
		ADDED from src/main/AndroidManifest.xml:210:25-85
action#cn.jpush.android.intent.NOTIFICATION_OPENED
ADDED from src/main/AndroidManifest.xml:211:17-86
	android:name
		ADDED from src/main/AndroidManifest.xml:211:25-83
action#cn.jpush.android.intent.CONNECTION
ADDED from src/main/AndroidManifest.xml:212:17-77
	android:name
		ADDED from src/main/AndroidManifest.xml:212:25-74
activity#com.tencent.tauth.AuthActivity
ADDED from src/main/AndroidManifest.xml:227:9-239:20
	android:launchMode
		ADDED from src/main/AndroidManifest.xml:229:13-44
	android:noHistory
		ADDED from src/main/AndroidManifest.xml:230:13-37
	android:name
		ADDED from src/main/AndroidManifest.xml:228:13-58
intent-filter#android.intent.action.VIEW+android.intent.category.BROWSABLE+android.intent.category.DEFAULT
ADDED from src/main/AndroidManifest.xml:231:13-238:29
action#android.intent.action.VIEW
ADDED from src/main/AndroidManifest.xml:232:17-69
	android:name
		ADDED from src/main/AndroidManifest.xml:232:25-66
category#android.intent.category.BROWSABLE
ADDED from src/main/AndroidManifest.xml:235:17-78
	android:name
		ADDED from src/main/AndroidManifest.xml:235:27-75
activity#com.lingang.activity.home.LeftActivity
ADDED from src/main/AndroidManifest.xml:240:9-243:52
	android:screenOrientation
		ADDED from src/main/AndroidManifest.xml:243:13-49
	android:label
		ADDED from src/main/AndroidManifest.xml:242:13-35
	android:name
		ADDED from src/main/AndroidManifest.xml:241:13-55
activity#com.lingang.activity.home.Left2Activity
ADDED from src/main/AndroidManifest.xml:244:9-246:52
	android:screenOrientation
		ADDED from src/main/AndroidManifest.xml:246:13-49
	android:name
		ADDED from src/main/AndroidManifest.xml:245:13-56
activity#com.lingang.activity.MainActivity
ADDED from src/main/AndroidManifest.xml:247:9-252:52
	android:screenOrientation
		ADDED from src/main/AndroidManifest.xml:252:13-49
	android:label
		ADDED from src/main/AndroidManifest.xml:250:13-32
	android:launchMode
		ADDED from src/main/AndroidManifest.xml:251:13-44
	android:configChanges
		ADDED from src/main/AndroidManifest.xml:249:13-74
	android:name
		ADDED from src/main/AndroidManifest.xml:248:13-50
activity#com.lingang.activity.login.LoginAc
ADDED from src/main/AndroidManifest.xml:253:9-257:51
	android:screenOrientation
		ADDED from src/main/AndroidManifest.xml:257:13-49
	android:label
		ADDED from src/main/AndroidManifest.xml:255:13-31
	android:launchMode
		ADDED from src/main/AndroidManifest.xml:256:13-43
	android:name
		ADDED from src/main/AndroidManifest.xml:254:13-51
activity#com.lingang.activity.login.StartAc
ADDED from src/main/AndroidManifest.xml:258:9-267:20
	android:screenOrientation
		ADDED from src/main/AndroidManifest.xml:261:13-49
	android:label
		ADDED from src/main/AndroidManifest.xml:260:13-45
	android:name
		ADDED from src/main/AndroidManifest.xml:259:13-51
intent-filter#android.intent.action.MAIN+android.intent.category.LAUNCHER
ADDED from src/main/AndroidManifest.xml:262:13-266:29
action#android.intent.action.MAIN
ADDED from src/main/AndroidManifest.xml:263:17-69
	android:name
		ADDED from src/main/AndroidManifest.xml:263:25-66
category#android.intent.category.LAUNCHER
ADDED from src/main/AndroidManifest.xml:265:17-77
	android:name
		ADDED from src/main/AndroidManifest.xml:265:27-74
activity#com.lingang.activity.home.NewsAc
ADDED from src/main/AndroidManifest.xml:268:9-271:52
	android:screenOrientation
		ADDED from src/main/AndroidManifest.xml:271:13-49
	android:label
		ADDED from src/main/AndroidManifest.xml:270:13-31
	android:name
		ADDED from src/main/AndroidManifest.xml:269:13-49
activity#com.lingang.activity.home.NewsDetailsAc
ADDED from src/main/AndroidManifest.xml:272:9-276:52
	android:screenOrientation
		ADDED from src/main/AndroidManifest.xml:276:13-49
	android:label
		ADDED from src/main/AndroidManifest.xml:275:13-33
	android:configChanges
		ADDED from src/main/AndroidManifest.xml:274:13-74
	android:name
		ADDED from src/main/AndroidManifest.xml:273:13-56
activity#com.lingang.activity.home.ClusterAc
ADDED from src/main/AndroidManifest.xml:277:9-280:52
	android:screenOrientation
		ADDED from src/main/AndroidManifest.xml:280:13-49
	android:label
		ADDED from src/main/AndroidManifest.xml:279:13-33
	android:name
		ADDED from src/main/AndroidManifest.xml:278:13-52
activity#com.lingang.activity.home.ListAc
ADDED from src/main/AndroidManifest.xml:281:9-284:52
	android:screenOrientation
		ADDED from src/main/AndroidManifest.xml:284:13-49
	android:label
		ADDED from src/main/AndroidManifest.xml:283:13-32
	android:name
		ADDED from src/main/AndroidManifest.xml:282:13-49
activity#com.lingang.activity.home.GroupAc
ADDED from src/main/AndroidManifest.xml:285:9-289:52
	android:screenOrientation
		ADDED from src/main/AndroidManifest.xml:289:13-49
	android:label
		ADDED from src/main/AndroidManifest.xml:288:13-33
	android:configChanges
		ADDED from src/main/AndroidManifest.xml:287:13-74
	android:name
		ADDED from src/main/AndroidManifest.xml:286:13-50
activity#com.lingang.activity.business.GroomAc
ADDED from src/main/AndroidManifest.xml:290:9-294:63
	android:screenOrientation
		ADDED from src/main/AndroidManifest.xml:293:13-49
	android:label
		ADDED from src/main/AndroidManifest.xml:292:13-33
	android:windowSoftInputMode
		ADDED from src/main/AndroidManifest.xml:294:13-60
	android:name
		ADDED from src/main/AndroidManifest.xml:291:13-54
activity#com.lingang.activity.business.MyClaimAc
ADDED from src/main/AndroidManifest.xml:295:9-298:52
	android:screenOrientation
		ADDED from src/main/AndroidManifest.xml:298:13-49
	android:label
		ADDED from src/main/AndroidManifest.xml:297:13-33
	android:name
		ADDED from src/main/AndroidManifest.xml:296:13-56
activity#com.lingang.activity.business.BoardAc
ADDED from src/main/AndroidManifest.xml:299:9-302:52
	android:screenOrientation
		ADDED from src/main/AndroidManifest.xml:302:13-49
	android:label
		ADDED from src/main/AndroidManifest.xml:301:13-33
	android:name
		ADDED from src/main/AndroidManifest.xml:300:13-54
activity#com.lingang.activity.business.ClaimAc
ADDED from src/main/AndroidManifest.xml:303:9-306:52
	android:screenOrientation
		ADDED from src/main/AndroidManifest.xml:306:13-49
	android:label
		ADDED from src/main/AndroidManifest.xml:305:13-37
	android:name
		ADDED from src/main/AndroidManifest.xml:304:13-54
activity#com.lingang.activity.business.OpportunityDetailsAc
ADDED from src/main/AndroidManifest.xml:307:9-310:52
	android:screenOrientation
		ADDED from src/main/AndroidManifest.xml:310:13-49
	android:label
		ADDED from src/main/AndroidManifest.xml:309:13-58
	android:name
		ADDED from src/main/AndroidManifest.xml:308:13-67
activity#com.lingang.activity.business.GroomDetailsZhiXAc
ADDED from src/main/AndroidManifest.xml:311:9-314:52
	android:screenOrientation
		ADDED from src/main/AndroidManifest.xml:314:13-49
	android:label
		ADDED from src/main/AndroidManifest.xml:313:13-58
	android:name
		ADDED from src/main/AndroidManifest.xml:312:13-65
activity#com.lingang.activity.business.ClaimDetailesAc
ADDED from src/main/AndroidManifest.xml:315:9-318:52
	android:screenOrientation
		ADDED from src/main/AndroidManifest.xml:318:13-49
	android:label
		ADDED from src/main/AndroidManifest.xml:317:13-47
	android:name
		ADDED from src/main/AndroidManifest.xml:316:13-62
activity#com.lingang.activity.business.InvestmentTypeAc
ADDED from src/main/AndroidManifest.xml:319:9-322:52
	android:screenOrientation
		ADDED from src/main/AndroidManifest.xml:322:13-49
	android:label
		ADDED from src/main/AndroidManifest.xml:321:13-38
	android:name
		ADDED from src/main/AndroidManifest.xml:320:13-63
activity#com.lingang.activity.business.SuccessAc
ADDED from src/main/AndroidManifest.xml:323:9-326:52
	android:screenOrientation
		ADDED from src/main/AndroidManifest.xml:326:13-49
	android:label
		ADDED from src/main/AndroidManifest.xml:325:13-33
	android:name
		ADDED from src/main/AndroidManifest.xml:324:13-56
activity#com.lingang.activity.business.ParkAc
ADDED from src/main/AndroidManifest.xml:327:9-330:52
	android:screenOrientation
		ADDED from src/main/AndroidManifest.xml:330:13-49
	android:label
		ADDED from src/main/AndroidManifest.xml:329:13-33
	android:name
		ADDED from src/main/AndroidManifest.xml:328:13-53
activity#com.lingang.activity.business.SelectPersonAc
ADDED from src/main/AndroidManifest.xml:331:9-334:52
	android:screenOrientation
		ADDED from src/main/AndroidManifest.xml:334:13-49
	android:label
		ADDED from src/main/AndroidManifest.xml:333:13-35
	android:name
		ADDED from src/main/AndroidManifest.xml:332:13-61
activity#com.lingang.activity.business.SuppiyAc
ADDED from src/main/AndroidManifest.xml:335:9-338:52
	android:screenOrientation
		ADDED from src/main/AndroidManifest.xml:338:13-49
	android:label
		ADDED from src/main/AndroidManifest.xml:337:13-40
	android:name
		ADDED from src/main/AndroidManifest.xml:336:13-55
activity#com.lingang.activity.business.PersonInfoActivity
ADDED from src/main/AndroidManifest.xml:339:9-342:52
	android:screenOrientation
		ADDED from src/main/AndroidManifest.xml:342:13-49
	android:label
		ADDED from src/main/AndroidManifest.xml:341:13-33
	android:name
		ADDED from src/main/AndroidManifest.xml:340:13-65
activity#com.lingang.activity.business.ContracAc
ADDED from src/main/AndroidManifest.xml:343:9-346:52
	android:screenOrientation
		ADDED from src/main/AndroidManifest.xml:346:13-49
	android:label
		ADDED from src/main/AndroidManifest.xml:345:13-33
	android:name
		ADDED from src/main/AndroidManifest.xml:344:13-56
activity#com.lingang.activity.home.NewsSearchAc
ADDED from src/main/AndroidManifest.xml:347:9-351:71
	android:screenOrientation
		ADDED from src/main/AndroidManifest.xml:350:13-49
	android:label
		ADDED from src/main/AndroidManifest.xml:349:13-35
	android:windowSoftInputMode
		ADDED from src/main/AndroidManifest.xml:351:13-68
	android:name
		ADDED from src/main/AndroidManifest.xml:348:13-55
activity#com.lingang.activity.business.ReasonsAc
ADDED from src/main/AndroidManifest.xml:352:9-355:52
	android:screenOrientation
		ADDED from src/main/AndroidManifest.xml:355:13-49
	android:label
		ADDED from src/main/AndroidManifest.xml:354:13-33
	android:name
		ADDED from src/main/AndroidManifest.xml:353:13-56
activity#com.lingang.activity.home.NoticeAc
ADDED from src/main/AndroidManifest.xml:356:9-359:52
	android:screenOrientation
		ADDED from src/main/AndroidManifest.xml:359:13-49
	android:label
		ADDED from src/main/AndroidManifest.xml:358:13-33
	android:name
		ADDED from src/main/AndroidManifest.xml:357:13-51
activity#com.lingang.activity.home.NoticeDetailsAc
ADDED from src/main/AndroidManifest.xml:365:9-368:52
	android:screenOrientation
		ADDED from src/main/AndroidManifest.xml:368:13-49
	android:label
		ADDED from src/main/AndroidManifest.xml:367:13-33
	android:name
		ADDED from src/main/AndroidManifest.xml:366:13-58
activity#com.lingang.activity.home.NeedAc
ADDED from src/main/AndroidManifest.xml:369:9-372:52
	android:screenOrientation
		ADDED from src/main/AndroidManifest.xml:372:13-49
	android:label
		ADDED from src/main/AndroidManifest.xml:371:13-33
	android:name
		ADDED from src/main/AndroidManifest.xml:370:13-49
activity#com.lingang.activity.home.NeedBusinessReviewAc
ADDED from src/main/AndroidManifest.xml:373:9-377:75
	android:screenOrientation
		ADDED from src/main/AndroidManifest.xml:376:13-49
	android:label
		ADDED from src/main/AndroidManifest.xml:375:13-56
	android:windowSoftInputMode
		ADDED from src/main/AndroidManifest.xml:377:13-72
	android:name
		ADDED from src/main/AndroidManifest.xml:374:13-63
activity#com.lingang.activity.home.NeedBusinessResultAc
ADDED from src/main/AndroidManifest.xml:378:9-382:75
	android:screenOrientation